Warning[205] C:\USERS\LABOP2\DESKTOP\TRAVAIL2.X\MAIN.ASM 20 : Found directive in column 1. (LIST)
Warning[205] C:\USERS\LABOP2\DESKTOP\TRAVAIL2.X\MAIN.ASM 22 : Found directive in column 1. (CONFIG)
Warning[205] C:\USERS\LABOP2\DESKTOP\TRAVAIL2.X\MAIN.ASM 23 : Found directive in column 1. (CONFIG)
Warning[205] C:\USERS\LABOP2\DESKTOP\TRAVAIL2.X\MAIN.ASM 24 : Found directive in column 1. (CONFIG)
Warning[205] C:\USERS\LABOP2\DESKTOP\TRAVAIL2.X\MAIN.ASM 25 : Found directive in column 1. (CONFIG)
Warning[205] C:\USERS\LABOP2\DESKTOP\TRAVAIL2.X\MAIN.ASM 26 : Found directive in column 1. (CONFIG)
Warning[205] C:\USERS\LABOP2\DESKTOP\TRAVAIL2.X\MAIN.ASM 27 : Found directive in column 1. (CONFIG)
Warning[205] C:\USERS\LABOP2\DESKTOP\TRAVAIL2.X\MAIN.ASM 28 : Found directive in column 1. (CONFIG)
Warning[205] C:\USERS\LABOP2\DESKTOP\TRAVAIL2.X\MAIN.ASM 29 : Found directive in column 1. (CONFIG)
Warning[205] C:\USERS\LABOP2\DESKTOP\TRAVAIL2.X\MAIN.ASM 30 : Found directive in column 1. (CONFIG)
Warning[205] C:\USERS\LABOP2\DESKTOP\TRAVAIL2.X\MAIN.ASM 31 : Found directive in column 1. (CONFIG)
Warning[205] C:\USERS\LABOP2\DESKTOP\TRAVAIL2.X\MAIN.ASM 32 : Found directive in column 1. (CONFIG)
Warning[205] C:\USERS\LABOP2\DESKTOP\TRAVAIL2.X\MAIN.ASM 33 : Found directive in column 1. (CONFIG)
Warning[205] C:\USERS\LABOP2\DESKTOP\TRAVAIL2.X\MAIN.ASM 34 : Found directive in column 1. (CONFIG)
Warning[205] C:\USERS\LABOP2\DESKTOP\TRAVAIL2.X\MAIN.ASM 35 : Found directive in column 1. (CONFIG)
Warning[205] C:\USERS\LABOP2\DESKTOP\TRAVAIL2.X\MAIN.ASM 36 : Found directive in column 1. (CONFIG)
Warning[207] C:\USERS\LABOP2\DESKTOP\TRAVAIL2.X\MAIN.ASM 44 : Found label after column 1. (A_octet3)
Warning[207] C:\USERS\LABOP2\DESKTOP\TRAVAIL2.X\MAIN.ASM 45 : Found label after column 1. (A_octet2)
Warning[207] C:\USERS\LABOP2\DESKTOP\TRAVAIL2.X\MAIN.ASM 46 : Found label after column 1. (A_octet1)
Warning[207] C:\USERS\LABOP2\DESKTOP\TRAVAIL2.X\MAIN.ASM 47 : Found label after column 1. (A_octet0)
Warning[207] C:\USERS\LABOP2\DESKTOP\TRAVAIL2.X\MAIN.ASM 48 : Found label after column 1. (B_octet3)
Warning[207] C:\USERS\LABOP2\DESKTOP\TRAVAIL2.X\MAIN.ASM 49 : Found label after column 1. (B_octet2)
Warning[207] C:\USERS\LABOP2\DESKTOP\TRAVAIL2.X\MAIN.ASM 50 : Found label after column 1. (B_octet1)
Warning[207] C:\USERS\LABOP2\DESKTOP\TRAVAIL2.X\MAIN.ASM 51 : Found label after column 1. (B_octet0)
Warning[207] C:\USERS\LABOP2\DESKTOP\TRAVAIL2.X\MAIN.ASM 55 : Found label after column 1. (A_signe)
Warning[207] C:\USERS\LABOP2\DESKTOP\TRAVAIL2.X\MAIN.ASM 56 : Found label after column 1. (A_exposant)
Warning[207] C:\USERS\LABOP2\DESKTOP\TRAVAIL2.X\MAIN.ASM 57 : Found label after column 1. (A_fraction)
Warning[207] C:\USERS\LABOP2\DESKTOP\TRAVAIL2.X\MAIN.ASM 58 : Found label after column 1. (B_signe)
Warning[207] C:\USERS\LABOP2\DESKTOP\TRAVAIL2.X\MAIN.ASM 59 : Found label after column 1. (B_exposant)
Warning[207] C:\USERS\LABOP2\DESKTOP\TRAVAIL2.X\MAIN.ASM 60 : Found label after column 1. (B_fraction)
Warning[207] C:\USERS\LABOP2\DESKTOP\TRAVAIL2.X\MAIN.ASM 61 : Found label after column 1. (Temporaire_octet3)
Warning[207] C:\USERS\LABOP2\DESKTOP\TRAVAIL2.X\MAIN.ASM 62 : Found label after column 1. (Temporaire_octet2)
Warning[207] C:\USERS\LABOP2\DESKTOP\TRAVAIL2.X\MAIN.ASM 63 : Found label after column 1. (Temporaire_octet1)
Warning[207] C:\USERS\LABOP2\DESKTOP\TRAVAIL2.X\MAIN.ASM 64 : Found label after column 1. (Temporaire_octet0)
Warning[207] C:\USERS\LABOP2\DESKTOP\TRAVAIL2.X\MAIN.ASM 65 : Found label after column 1. (Resultat_octet3)
Warning[207] C:\USERS\LABOP2\DESKTOP\TRAVAIL2.X\MAIN.ASM 66 : Found label after column 1. (Resultat_octet2)
Warning[207] C:\USERS\LABOP2\DESKTOP\TRAVAIL2.X\MAIN.ASM 67 : Found label after column 1. (Resultat_octet1)
Warning[207] C:\USERS\LABOP2\DESKTOP\TRAVAIL2.X\MAIN.ASM 68 : Found label after column 1. (Resultat_octet0)
Warning[207] C:\USERS\LABOP2\DESKTOP\TRAVAIL2.X\MAIN.ASM 96 : Found label after column 1. (START)
